12-May-2023 12:29:24.719 信息 [main] org.apache.catalina.startup.VersionLoggerListener.log Server.服务器版本: Apache Tomcat/9.0.75
12-May-2023 12:29:24.719 信息 [main] org.apache.catalina.startup.VersionLoggerListener.log 服务器构建:        May 4 2023 13:04:05 UTC
12-May-2023 12:29:24.719 信息 [main] org.apache.catalina.startup.VersionLoggerListener.log 服务器版本号:      9.0.75.0
12-May-2023 12:29:24.719 信息 [main] org.apache.catalina.startup.VersionLoggerListener.log 操作系统名称:      Windows 10
12-May-2023 12:29:24.719 信息 [main] org.apache.catalina.startup.VersionLoggerListener.log OS.版本:           10.0
12-May-2023 12:29:24.719 信息 [main] org.apache.catalina.startup.VersionLoggerListener.log 架构:              amd64
12-May-2023 12:29:24.719 信息 [main] org.apache.catalina.startup.VersionLoggerListener.log Java 环境变量:     C:\Program Files\Java\jdk-11
12-May-2023 12:29:24.719 信息 [main] org.apache.catalina.startup.VersionLoggerListener.log Java虚拟机版本:    11+28
12-May-2023 12:29:24.719 信息 [main] org.apache.catalina.startup.VersionLoggerListener.log JVM.供应商:        Oracle Corporation
12-May-2023 12:29:24.719 信息 [main] org.apache.catalina.startup.VersionLoggerListener.log CATALINA_BASE:     D:\apps\tomcat\apache-tomcat-9.0.75
12-May-2023 12:29:24.719 信息 [main] org.apache.catalina.startup.VersionLoggerListener.log CATALINA_HOME:     D:\apps\tomcat\apache-tomcat-9.0.75
12-May-2023 12:29:24.734 信息 [main] org.apache.catalina.startup.VersionLoggerListener.log 命令行参数：       --add-opens=java.base/java.lang=ALL-UNNAMED
12-May-2023 12:29:24.734 信息 [main] org.apache.catalina.startup.VersionLoggerListener.log 命令行参数：       --add-opens=java.base/java.io=ALL-UNNAMED
12-May-2023 12:29:24.734 信息 [main] org.apache.catalina.startup.VersionLoggerListener.log 命令行参数：       --add-opens=java.base/java.util=ALL-UNNAMED
12-May-2023 12:29:24.734 信息 [main] org.apache.catalina.startup.VersionLoggerListener.log 命令行参数：       --add-opens=java.base/java.util.concurrent=ALL-UNNAMED
12-May-2023 12:29:24.734 信息 [main] org.apache.catalina.startup.VersionLoggerListener.log 命令行参数：       --add-opens=java.rmi/sun.rmi.transport=ALL-UNNAMED
12-May-2023 12:29:24.734 信息 [main] org.apache.catalina.startup.VersionLoggerListener.log 命令行参数：       -Djava.util.logging.config.file=D:\apps\tomcat\apache-tomcat-9.0.75\conf\logging.properties
12-May-2023 12:29:24.734 信息 [main] org.apache.catalina.startup.VersionLoggerListener.log 命令行参数：       -Djava.util.logging.manager=org.apache.juli.ClassLoaderLogManager
12-May-2023 12:29:24.734 信息 [main] org.apache.catalina.startup.VersionLoggerListener.log 命令行参数：       -Djdk.tls.ephemeralDHKeySize=2048
12-May-2023 12:29:24.734 信息 [main] org.apache.catalina.startup.VersionLoggerListener.log 命令行参数：       -Djava.protocol.handler.pkgs=org.apache.catalina.webresources
12-May-2023 12:29:24.734 信息 [main] org.apache.catalina.startup.VersionLoggerListener.log 命令行参数：       -Dignore.endorsed.dirs=
12-May-2023 12:29:24.734 信息 [main] org.apache.catalina.startup.VersionLoggerListener.log 命令行参数：       -Dcatalina.base=D:\apps\tomcat\apache-tomcat-9.0.75
12-May-2023 12:29:24.734 信息 [main] org.apache.catalina.startup.VersionLoggerListener.log 命令行参数：       -Dcatalina.home=D:\apps\tomcat\apache-tomcat-9.0.75
12-May-2023 12:29:24.734 信息 [main] org.apache.catalina.startup.VersionLoggerListener.log 命令行参数：       -Djava.io.tmpdir=D:\apps\tomcat\apache-tomcat-9.0.75\temp
12-May-2023 12:29:24.734 信息 [main] org.apache.catalina.core.AprLifecycleListener.lifecycleEvent 使用APR版本[1.7.2]加载了基于APR的Apache Tomcat本机库[1.2.36]。
12-May-2023 12:29:24.734 信息 [main] org.apache.catalina.core.AprLifecycleListener.lifecycleEvent APR功能：IPv6[true]、sendfile[true]、accept filters[false]、random[true]、UDS [true]。
12-May-2023 12:29:24.734 信息 [main] org.apache.catalina.core.AprLifecycleListener.lifecycleEvent APR/OpenSSL配置：useAprConnector[false]，useOpenSSL[true]
12-May-2023 12:29:24.750 信息 [main] org.apache.catalina.core.AprLifecycleListener.initializeSSL OpenSSL成功初始化 [OpenSSL 1.1.1t  7 Feb 2023]
12-May-2023 12:29:25.105 信息 [main] org.apache.coyote.AbstractProtocol.init 初始化协议处理器 ["http-nio-8080"]
12-May-2023 12:29:25.142 信息 [main] org.apache.catalina.startup.Catalina.load 服务器在[698]毫秒内初始化
12-May-2023 12:29:25.209 信息 [main] org.apache.catalina.core.StandardService.startInternal 正在启动服务[Catalina]
12-May-2023 12:29:25.209 信息 [main] org.apache.catalina.core.StandardEngine.startInternal 正在启动 Servlet 引擎：[Apache Tomcat/9.0.75]
12-May-2023 12:29:25.209 信息 [main] org.apache.catalina.startup.HostConfig.deployDirectory 把web 应用程序部署到目录 [D:\apps\tomcat\apache-tomcat-9.0.75\webapps\docs]
12-May-2023 12:29:26.031 警告 [main] org.apache.catalina.util.SessionIdGeneratorBase.createSecureRandom 使用[SHA1PRNG]创建会话ID生成的SecureRandom实例花费了[486]毫秒。
12-May-2023 12:29:26.047 信息 [main] org.apache.catalina.startup.HostConfig.deployDirectory Web应用程序目录[D:\apps\tomcat\apache-tomcat-9.0.75\webapps\docs]的部署已在[838]毫秒内完成
12-May-2023 12:29:26.047 信息 [main] org.apache.catalina.startup.HostConfig.deployDirectory 把web 应用程序部署到目录 [D:\apps\tomcat\apache-tomcat-9.0.75\webapps\examples]
12-May-2023 12:29:26.400 信息 [main] org.apache.catalina.startup.HostConfig.deployDirectory Web应用程序目录[D:\apps\tomcat\apache-tomcat-9.0.75\webapps\examples]的部署已在[353]毫秒内完成
12-May-2023 12:29:26.415 信息 [main] org.apache.catalina.startup.HostConfig.deployDirectory 把web 应用程序部署到目录 [D:\apps\tomcat\apache-tomcat-9.0.75\webapps\host-manager]
12-May-2023 12:29:26.447 信息 [main] org.apache.catalina.startup.HostConfig.deployDirectory Web应用程序目录[D:\apps\tomcat\apache-tomcat-9.0.75\webapps\host-manager]的部署已在[47]毫秒内完成
12-May-2023 12:29:26.447 信息 [main] org.apache.catalina.startup.HostConfig.deployDirectory 把web 应用程序部署到目录 [D:\apps\tomcat\apache-tomcat-9.0.75\webapps\manager]
12-May-2023 12:29:26.478 信息 [main] org.apache.catalina.startup.HostConfig.deployDirectory Web应用程序目录[D:\apps\tomcat\apache-tomcat-9.0.75\webapps\manager]的部署已在[31]毫秒内完成
12-May-2023 12:29:26.478 信息 [main] org.apache.catalina.startup.HostConfig.deployDirectory 把web 应用程序部署到目录 [D:\apps\tomcat\apache-tomcat-9.0.75\webapps\ROOT]
12-May-2023 12:29:26.509 信息 [main] org.apache.catalina.startup.HostConfig.deployDirectory Web应用程序目录[D:\apps\tomcat\apache-tomcat-9.0.75\webapps\ROOT]的部署已在[31]毫秒内完成
12-May-2023 12:29:26.509 信息 [main] org.apache.coyote.AbstractProtocol.start 开始协议处理句柄["http-nio-8080"]
12-May-2023 12:29:27.009 信息 [main] org.apache.catalina.startup.Catalina.start [1877]毫秒后服务器启动
12-May-2023 12:30:26.468 信息 [main] org.apache.catalina.startup.VersionLoggerListener.log Server.服务器版本: Apache Tomcat/9.0.75
12-May-2023 12:30:26.474 信息 [main] org.apache.catalina.startup.VersionLoggerListener.log 服务器构建:        May 4 2023 13:04:05 UTC
12-May-2023 12:30:26.475 信息 [main] org.apache.catalina.startup.VersionLoggerListener.log 服务器版本号:      9.0.75.0
12-May-2023 12:30:26.475 信息 [main] org.apache.catalina.startup.VersionLoggerListener.log 操作系统名称:      Windows 10
12-May-2023 12:30:26.476 信息 [main] org.apache.catalina.startup.VersionLoggerListener.log OS.版本:           10.0
12-May-2023 12:30:26.476 信息 [main] org.apache.catalina.startup.VersionLoggerListener.log 架构:              amd64
12-May-2023 12:30:26.476 信息 [main] org.apache.catalina.startup.VersionLoggerListener.log Java 环境变量:     C:\Program Files\Java\jdk-11
12-May-2023 12:30:26.476 信息 [main] org.apache.catalina.startup.VersionLoggerListener.log Java虚拟机版本:    11+28
12-May-2023 12:30:26.477 信息 [main] org.apache.catalina.startup.VersionLoggerListener.log JVM.供应商:        Oracle Corporation
12-May-2023 12:30:26.477 信息 [main] org.apache.catalina.startup.VersionLoggerListener.log CATALINA_BASE:     D:\apps\tomcat\apache-tomcat-9.0.75
12-May-2023 12:30:26.478 信息 [main] org.apache.catalina.startup.VersionLoggerListener.log CATALINA_HOME:     D:\apps\tomcat\apache-tomcat-9.0.75
12-May-2023 12:30:26.491 信息 [main] org.apache.catalina.startup.VersionLoggerListener.log 命令行参数：       --add-opens=java.base/java.lang=ALL-UNNAMED
12-May-2023 12:30:26.492 信息 [main] org.apache.catalina.startup.VersionLoggerListener.log 命令行参数：       --add-opens=java.base/java.io=ALL-UNNAMED
12-May-2023 12:30:26.492 信息 [main] org.apache.catalina.startup.VersionLoggerListener.log 命令行参数：       --add-opens=java.base/java.util=ALL-UNNAMED
12-May-2023 12:30:26.493 信息 [main] org.apache.catalina.startup.VersionLoggerListener.log 命令行参数：       --add-opens=java.base/java.util.concurrent=ALL-UNNAMED
12-May-2023 12:30:26.493 信息 [main] org.apache.catalina.startup.VersionLoggerListener.log 命令行参数：       --add-opens=java.rmi/sun.rmi.transport=ALL-UNNAMED
12-May-2023 12:30:26.493 信息 [main] org.apache.catalina.startup.VersionLoggerListener.log 命令行参数：       -Djava.util.logging.config.file=D:\apps\tomcat\apache-tomcat-9.0.75\conf\logging.properties
12-May-2023 12:30:26.493 信息 [main] org.apache.catalina.startup.VersionLoggerListener.log 命令行参数：       -Djava.util.logging.manager=org.apache.juli.ClassLoaderLogManager
12-May-2023 12:30:26.494 信息 [main] org.apache.catalina.startup.VersionLoggerListener.log 命令行参数：       -Djdk.tls.ephemeralDHKeySize=2048
12-May-2023 12:30:26.494 信息 [main] org.apache.catalina.startup.VersionLoggerListener.log 命令行参数：       -Djava.protocol.handler.pkgs=org.apache.catalina.webresources
12-May-2023 12:30:26.495 信息 [main] org.apache.catalina.startup.VersionLoggerListener.log 命令行参数：       -Dignore.endorsed.dirs=
12-May-2023 12:30:26.495 信息 [main] org.apache.catalina.startup.VersionLoggerListener.log 命令行参数：       -Dcatalina.base=D:\apps\tomcat\apache-tomcat-9.0.75
12-May-2023 12:30:26.495 信息 [main] org.apache.catalina.startup.VersionLoggerListener.log 命令行参数：       -Dcatalina.home=D:\apps\tomcat\apache-tomcat-9.0.75
12-May-2023 12:30:26.496 信息 [main] org.apache.catalina.startup.VersionLoggerListener.log 命令行参数：       -Djava.io.tmpdir=D:\apps\tomcat\apache-tomcat-9.0.75\temp
12-May-2023 12:30:26.500 信息 [main] org.apache.catalina.core.AprLifecycleListener.lifecycleEvent 使用APR版本[1.7.2]加载了基于APR的Apache Tomcat本机库[1.2.36]。
12-May-2023 12:30:26.500 信息 [main] org.apache.catalina.core.AprLifecycleListener.lifecycleEvent APR功能：IPv6[true]、sendfile[true]、accept filters[false]、random[true]、UDS [true]。
12-May-2023 12:30:26.500 信息 [main] org.apache.catalina.core.AprLifecycleListener.lifecycleEvent APR/OpenSSL配置：useAprConnector[false]，useOpenSSL[true]
12-May-2023 12:30:26.505 信息 [main] org.apache.catalina.core.AprLifecycleListener.initializeSSL OpenSSL成功初始化 [OpenSSL 1.1.1t  7 Feb 2023]
12-May-2023 12:30:26.844 信息 [main] org.apache.coyote.AbstractProtocol.init 初始化协议处理器 ["http-nio-8080"]
12-May-2023 12:30:26.859 严重 [main] org.apache.catalina.util.LifecycleBase.handleSubClassException 初始化组件[Connector[HTTP/1.1-8080]]失败。
	org.apache.catalina.LifecycleException: 协议处理程序初始化失败
		at org.apache.catalina.connector.Connector.initInternal(Connector.java:1014)
		at org.apache.catalina.util.LifecycleBase.init(LifecycleBase.java:136)
		at org.apache.catalina.core.StandardService.initInternal(StandardService.java:549)
		at org.apache.catalina.util.LifecycleBase.init(LifecycleBase.java:136)
		at org.apache.catalina.core.StandardServer.initInternal(StandardServer.java:1028)
		at org.apache.catalina.util.LifecycleBase.init(LifecycleBase.java:136)
		at org.apache.catalina.startup.Catalina.load(Catalina.java:724)
		at org.apache.catalina.startup.Catalina.load(Catalina.java:746)
		at java.base/jdk.internal.reflect.NativeMethodAccessorImpl.invoke0(Native Method)
		at java.base/jdk.internal.reflect.NativeMethodAccessorImpl.invoke(NativeMethodAccessorImpl.java:62)
		at java.base/jdk.internal.reflect.DelegatingMethodAccessorImpl.invoke(DelegatingMethodAccessorImpl.java:43)
		at java.base/java.lang.reflect.Method.invoke(Method.java:566)
		at org.apache.catalina.startup.Bootstrap.load(Bootstrap.java:307)
		at org.apache.catalina.startup.Bootstrap.main(Bootstrap.java:477)
	Caused by: java.net.BindException: Address already in use: bind
		at java.base/sun.nio.ch.Net.bind0(Native Method)
		at java.base/sun.nio.ch.Net.bind(Net.java:461)
		at java.base/sun.nio.ch.Net.bind(Net.java:453)
		at java.base/sun.nio.ch.ServerSocketChannelImpl.bind(ServerSocketChannelImpl.java:227)
		at org.apache.tomcat.util.net.NioEndpoint.initServerSocket(NioEndpoint.java:276)
		at org.apache.tomcat.util.net.NioEndpoint.bind(NioEndpoint.java:231)
		at org.apache.tomcat.util.net.AbstractEndpoint.bindWithCleanup(AbstractEndpoint.java:1302)
		at org.apache.tomcat.util.net.AbstractEndpoint.init(AbstractEndpoint.java:1315)
		at org.apache.coyote.AbstractProtocol.init(AbstractProtocol.java:652)
		at org.apache.coyote.http11.AbstractHttp11Protocol.init(AbstractHttp11Protocol.java:75)
		at org.apache.catalina.connector.Connector.initInternal(Connector.java:1012)
		... 13 more
12-May-2023 12:30:26.875 信息 [main] org.apache.catalina.startup.Catalina.load 服务器在[662]毫秒内初始化
12-May-2023 12:30:26.937 信息 [main] org.apache.catalina.core.StandardService.startInternal 正在启动服务[Catalina]
12-May-2023 12:30:26.937 信息 [main] org.apache.catalina.core.StandardEngine.startInternal 正在启动 Servlet 引擎：[Apache Tomcat/9.0.75]
12-May-2023 12:30:26.953 信息 [main] org.apache.catalina.startup.HostConfig.deployDirectory 把web 应用程序部署到目录 [D:\apps\tomcat\apache-tomcat-9.0.75\webapps\docs]
12-May-2023 12:30:27.759 警告 [main] org.apache.catalina.util.SessionIdGeneratorBase.createSecureRandom 使用[SHA1PRNG]创建会话ID生成的SecureRandom实例花费了[483]毫秒。
12-May-2023 12:30:27.790 信息 [main] org.apache.catalina.startup.HostConfig.deployDirectory Web应用程序目录[D:\apps\tomcat\apache-tomcat-9.0.75\webapps\docs]的部署已在[837]毫秒内完成
12-May-2023 12:30:27.790 信息 [main] org.apache.catalina.startup.HostConfig.deployDirectory 把web 应用程序部署到目录 [D:\apps\tomcat\apache-tomcat-9.0.75\webapps\examples]
12-May-2023 12:30:28.145 信息 [main] org.apache.catalina.startup.HostConfig.deployDirectory Web应用程序目录[D:\apps\tomcat\apache-tomcat-9.0.75\webapps\examples]的部署已在[355]毫秒内完成
12-May-2023 12:30:28.145 信息 [main] org.apache.catalina.startup.HostConfig.deployDirectory 把web 应用程序部署到目录 [D:\apps\tomcat\apache-tomcat-9.0.75\webapps\host-manager]
12-May-2023 12:30:28.192 信息 [main] org.apache.catalina.startup.HostConfig.deployDirectory Web应用程序目录[D:\apps\tomcat\apache-tomcat-9.0.75\webapps\host-manager]的部署已在[47]毫秒内完成
12-May-2023 12:30:28.192 信息 [main] org.apache.catalina.startup.HostConfig.deployDirectory 把web 应用程序部署到目录 [D:\apps\tomcat\apache-tomcat-9.0.75\webapps\manager]
12-May-2023 12:30:28.238 信息 [main] org.apache.catalina.startup.HostConfig.deployDirectory Web应用程序目录[D:\apps\tomcat\apache-tomcat-9.0.75\webapps\manager]的部署已在[46]毫秒内完成
12-May-2023 12:30:28.239 信息 [main] org.apache.catalina.startup.HostConfig.deployDirectory 把web 应用程序部署到目录 [D:\apps\tomcat\apache-tomcat-9.0.75\webapps\ROOT]
12-May-2023 12:30:28.285 信息 [main] org.apache.catalina.startup.HostConfig.deployDirectory Web应用程序目录[D:\apps\tomcat\apache-tomcat-9.0.75\webapps\ROOT]的部署已在[45]毫秒内完成
12-May-2023 12:30:28.292 信息 [main] org.apache.catalina.startup.Catalina.start [1415]毫秒后服务器启动
12-May-2023 12:30:28.300 严重 [main] org.apache.catalina.core.StandardServer.await 无法在地址[localhost]和端口[8005]上创建服务器关闭套接字（基本端口[8005]和偏移量[0]）
	java.net.BindException: Address already in use: NET_Bind
		at java.base/java.net.PlainSocketImpl.bind0(Native Method)
		at java.base/java.net.PlainSocketImpl.socketBind(PlainSocketImpl.java:132)
		at java.base/java.net.AbstractPlainSocketImpl.bind(AbstractPlainSocketImpl.java:436)
		at java.base/java.net.ServerSocket.bind(ServerSocket.java:381)
		at java.base/java.net.ServerSocket.<init>(ServerSocket.java:243)
		at org.apache.catalina.core.StandardServer.await(StandardServer.java:580)
		at org.apache.catalina.startup.Catalina.await(Catalina.java:864)
		at org.apache.catalina.startup.Catalina.start(Catalina.java:810)
		at java.base/jdk.internal.reflect.NativeMethodAccessorImpl.invoke0(Native Method)
		at java.base/jdk.internal.reflect.NativeMethodAccessorImpl.invoke(NativeMethodAccessorImpl.java:62)
		at java.base/jdk.internal.reflect.DelegatingMethodAccessorImpl.invoke(DelegatingMethodAccessorImpl.java:43)
		at java.base/java.lang.reflect.Method.invoke(Method.java:566)
		at org.apache.catalina.startup.Bootstrap.start(Bootstrap.java:347)
		at org.apache.catalina.startup.Bootstrap.main(Bootstrap.java:478)
12-May-2023 12:30:28.301 信息 [main] org.apache.coyote.AbstractProtocol.pause 暂停ProtocolHandler["http-nio-8080"]
12-May-2023 12:30:28.303 信息 [main] org.apache.catalina.core.StandardService.stopInternal 正在停止服务[Catalina]
12-May-2023 12:30:28.329 信息 [main] org.apache.coyote.AbstractProtocol.stop 正在停止ProtocolHandler ["http-nio-8080"]
12-May-2023 12:30:28.331 信息 [main] org.apache.coyote.AbstractProtocol.destroy 正在摧毁协议处理器 ["http-nio-8080"]
12-May-2023 12:38:36.125 警告 [main] org.apache.catalina.core.StandardServer.await 收到无效的关闭命令[]
12-May-2023 12:38:50.215 警告 [main] org.apache.catalina.core.StandardServer.await 收到无效的关闭命令[]
