08-Jun-2023 16:50:28.549 信息 [main] org.apache.catalina.startup.VersionLoggerListener.log Server.服务器版本: Apache Tomcat/9.0.75
08-Jun-2023 16:50:28.549 信息 [main] org.apache.catalina.startup.VersionLoggerListener.log 服务器构建:        May 4 2023 13:04:05 UTC
08-Jun-2023 16:50:28.549 信息 [main] org.apache.catalina.startup.VersionLoggerListener.log 服务器版本号:      9.0.75.0
08-Jun-2023 16:50:28.549 信息 [main] org.apache.catalina.startup.VersionLoggerListener.log 操作系统名称:      Windows 10
08-Jun-2023 16:50:28.549 信息 [main] org.apache.catalina.startup.VersionLoggerListener.log OS.版本:           10.0
08-Jun-2023 16:50:28.549 信息 [main] org.apache.catalina.startup.VersionLoggerListener.log 架构:              amd64
08-Jun-2023 16:50:28.549 信息 [main] org.apache.catalina.startup.VersionLoggerListener.log Java 环境变量:     C:\Program Files\Java\jdk-11
08-Jun-2023 16:50:28.549 信息 [main] org.apache.catalina.startup.VersionLoggerListener.log Java虚拟机版本:    11+28
08-Jun-2023 16:50:28.549 信息 [main] org.apache.catalina.startup.VersionLoggerListener.log JVM.供应商:        Oracle Corporation
08-Jun-2023 16:50:28.549 信息 [main] org.apache.catalina.startup.VersionLoggerListener.log CATALINA_BASE:     D:\apps\tomcat\apache-tomcat-9.0.75
08-Jun-2023 16:50:28.549 信息 [main] org.apache.catalina.startup.VersionLoggerListener.log CATALINA_HOME:     D:\apps\tomcat\apache-tomcat-9.0.75
08-Jun-2023 16:50:28.564 信息 [main] org.apache.catalina.startup.VersionLoggerListener.log 命令行参数：       --add-opens=java.base/java.lang=ALL-UNNAMED
08-Jun-2023 16:50:28.564 信息 [main] org.apache.catalina.startup.VersionLoggerListener.log 命令行参数：       --add-opens=java.base/java.io=ALL-UNNAMED
08-Jun-2023 16:50:28.564 信息 [main] org.apache.catalina.startup.VersionLoggerListener.log 命令行参数：       --add-opens=java.base/java.util=ALL-UNNAMED
08-Jun-2023 16:50:28.564 信息 [main] org.apache.catalina.startup.VersionLoggerListener.log 命令行参数：       --add-opens=java.base/java.util.concurrent=ALL-UNNAMED
08-Jun-2023 16:50:28.564 信息 [main] org.apache.catalina.startup.VersionLoggerListener.log 命令行参数：       --add-opens=java.rmi/sun.rmi.transport=ALL-UNNAMED
08-Jun-2023 16:50:28.564 信息 [main] org.apache.catalina.startup.VersionLoggerListener.log 命令行参数：       -Djava.util.logging.config.file=D:\apps\tomcat\apache-tomcat-9.0.75\conf\logging.properties
08-Jun-2023 16:50:28.564 信息 [main] org.apache.catalina.startup.VersionLoggerListener.log 命令行参数：       -Djava.util.logging.manager=org.apache.juli.ClassLoaderLogManager
08-Jun-2023 16:50:28.564 信息 [main] org.apache.catalina.startup.VersionLoggerListener.log 命令行参数：       -Djdk.tls.ephemeralDHKeySize=2048
08-Jun-2023 16:50:28.564 信息 [main] org.apache.catalina.startup.VersionLoggerListener.log 命令行参数：       -Djava.protocol.handler.pkgs=org.apache.catalina.webresources
08-Jun-2023 16:50:28.564 信息 [main] org.apache.catalina.startup.VersionLoggerListener.log 命令行参数：       -Dignore.endorsed.dirs=
08-Jun-2023 16:50:28.564 信息 [main] org.apache.catalina.startup.VersionLoggerListener.log 命令行参数：       -Dcatalina.base=D:\apps\tomcat\apache-tomcat-9.0.75
08-Jun-2023 16:50:28.564 信息 [main] org.apache.catalina.startup.VersionLoggerListener.log 命令行参数：       -Dcatalina.home=D:\apps\tomcat\apache-tomcat-9.0.75
08-Jun-2023 16:50:28.564 信息 [main] org.apache.catalina.startup.VersionLoggerListener.log 命令行参数：       -Djava.io.tmpdir=D:\apps\tomcat\apache-tomcat-9.0.75\temp
08-Jun-2023 16:50:28.580 信息 [main] org.apache.catalina.core.AprLifecycleListener.lifecycleEvent 使用APR版本[1.7.2]加载了基于APR的Apache Tomcat本机库[1.2.36]。
08-Jun-2023 16:50:28.580 信息 [main] org.apache.catalina.core.AprLifecycleListener.lifecycleEvent APR功能：IPv6[true]、sendfile[true]、accept filters[false]、random[true]、UDS [true]。
08-Jun-2023 16:50:28.580 信息 [main] org.apache.catalina.core.AprLifecycleListener.lifecycleEvent APR/OpenSSL配置：useAprConnector[false]，useOpenSSL[true]
08-Jun-2023 16:50:28.595 信息 [main] org.apache.catalina.core.AprLifecycleListener.initializeSSL OpenSSL成功初始化 [OpenSSL 1.1.1t  7 Feb 2023]
08-Jun-2023 16:50:29.017 信息 [main] org.apache.coyote.AbstractProtocol.init 初始化协议处理器 ["http-nio-8080"]
08-Jun-2023 16:50:29.049 信息 [main] org.apache.catalina.startup.Catalina.load 服务器在[796]毫秒内初始化
08-Jun-2023 16:50:29.127 信息 [main] org.apache.catalina.core.StandardService.startInternal 正在启动服务[Catalina]
08-Jun-2023 16:50:29.127 信息 [main] org.apache.catalina.core.StandardEngine.startInternal 正在启动 Servlet 引擎：[Apache Tomcat/9.0.75]
08-Jun-2023 16:50:29.142 信息 [main] org.apache.catalina.startup.HostConfig.deployDirectory 把web 应用程序部署到目录 [D:\apps\tomcat\apache-tomcat-9.0.75\webapps\docs]
08-Jun-2023 16:50:30.097 警告 [main] org.apache.catalina.util.SessionIdGeneratorBase.createSecureRandom 使用[SHA1PRNG]创建会话ID生成的SecureRandom实例花费了[579]毫秒。
08-Jun-2023 16:50:30.128 信息 [main] org.apache.catalina.startup.HostConfig.deployDirectory Web应用程序目录[D:\apps\tomcat\apache-tomcat-9.0.75\webapps\docs]的部署已在[986]毫秒内完成
08-Jun-2023 16:50:30.128 信息 [main] org.apache.catalina.startup.HostConfig.deployDirectory 把web 应用程序部署到目录 [D:\apps\tomcat\apache-tomcat-9.0.75\webapps\examples]
08-Jun-2023 16:50:30.534 信息 [main] org.apache.catalina.startup.HostConfig.deployDirectory Web应用程序目录[D:\apps\tomcat\apache-tomcat-9.0.75\webapps\examples]的部署已在[406]毫秒内完成
08-Jun-2023 16:50:30.534 信息 [main] org.apache.catalina.startup.HostConfig.deployDirectory 把web 应用程序部署到目录 [D:\apps\tomcat\apache-tomcat-9.0.75\webapps\host-manager]
08-Jun-2023 16:50:30.581 信息 [main] org.apache.catalina.startup.HostConfig.deployDirectory Web应用程序目录[D:\apps\tomcat\apache-tomcat-9.0.75\webapps\host-manager]的部署已在[47]毫秒内完成
08-Jun-2023 16:50:30.581 信息 [main] org.apache.catalina.startup.HostConfig.deployDirectory 把web 应用程序部署到目录 [D:\apps\tomcat\apache-tomcat-9.0.75\webapps\manager]
08-Jun-2023 16:50:30.612 信息 [main] org.apache.catalina.startup.HostConfig.deployDirectory Web应用程序目录[D:\apps\tomcat\apache-tomcat-9.0.75\webapps\manager]的部署已在[31]毫秒内完成
08-Jun-2023 16:50:30.612 信息 [main] org.apache.catalina.startup.HostConfig.deployDirectory 把web 应用程序部署到目录 [D:\apps\tomcat\apache-tomcat-9.0.75\webapps\ROOT]
08-Jun-2023 16:50:30.659 信息 [main] org.apache.catalina.startup.HostConfig.deployDirectory Web应用程序目录[D:\apps\tomcat\apache-tomcat-9.0.75\webapps\ROOT]的部署已在[47]毫秒内完成
08-Jun-2023 16:50:30.659 信息 [main] org.apache.coyote.AbstractProtocol.start 开始协议处理句柄["http-nio-8080"]
08-Jun-2023 16:50:31.238 信息 [main] org.apache.catalina.startup.Catalina.start [2182]毫秒后服务器启动
08-Jun-2023 16:55:27.499 信息 [main] org.apache.catalina.startup.VersionLoggerListener.log Server.服务器版本: Apache Tomcat/9.0.75
08-Jun-2023 16:55:27.499 信息 [main] org.apache.catalina.startup.VersionLoggerListener.log 服务器构建:        May 4 2023 13:04:05 UTC
08-Jun-2023 16:55:27.499 信息 [main] org.apache.catalina.startup.VersionLoggerListener.log 服务器版本号:      9.0.75.0
08-Jun-2023 16:55:27.499 信息 [main] org.apache.catalina.startup.VersionLoggerListener.log 操作系统名称:      Windows 10
08-Jun-2023 16:55:27.499 信息 [main] org.apache.catalina.startup.VersionLoggerListener.log OS.版本:           10.0
08-Jun-2023 16:55:27.499 信息 [main] org.apache.catalina.startup.VersionLoggerListener.log 架构:              amd64
08-Jun-2023 16:55:27.499 信息 [main] org.apache.catalina.startup.VersionLoggerListener.log Java 环境变量:     C:\Program Files\Java\jdk-11
08-Jun-2023 16:55:27.499 信息 [main] org.apache.catalina.startup.VersionLoggerListener.log Java虚拟机版本:    11+28
08-Jun-2023 16:55:27.515 信息 [main] org.apache.catalina.startup.VersionLoggerListener.log JVM.供应商:        Oracle Corporation
08-Jun-2023 16:55:27.515 信息 [main] org.apache.catalina.startup.VersionLoggerListener.log CATALINA_BASE:     D:\apps\tomcat\apache-tomcat-9.0.75
08-Jun-2023 16:55:27.515 信息 [main] org.apache.catalina.startup.VersionLoggerListener.log CATALINA_HOME:     D:\apps\tomcat\apache-tomcat-9.0.75
08-Jun-2023 16:55:27.515 信息 [main] org.apache.catalina.startup.VersionLoggerListener.log 命令行参数：       --add-opens=java.base/java.lang=ALL-UNNAMED
08-Jun-2023 16:55:27.515 信息 [main] org.apache.catalina.startup.VersionLoggerListener.log 命令行参数：       --add-opens=java.base/java.io=ALL-UNNAMED
08-Jun-2023 16:55:27.515 信息 [main] org.apache.catalina.startup.VersionLoggerListener.log 命令行参数：       --add-opens=java.base/java.util=ALL-UNNAMED
08-Jun-2023 16:55:27.515 信息 [main] org.apache.catalina.startup.VersionLoggerListener.log 命令行参数：       --add-opens=java.base/java.util.concurrent=ALL-UNNAMED
08-Jun-2023 16:55:27.515 信息 [main] org.apache.catalina.startup.VersionLoggerListener.log 命令行参数：       --add-opens=java.rmi/sun.rmi.transport=ALL-UNNAMED
08-Jun-2023 16:55:27.515 信息 [main] org.apache.catalina.startup.VersionLoggerListener.log 命令行参数：       -Djava.util.logging.config.file=D:\apps\tomcat\apache-tomcat-9.0.75\conf\logging.properties
08-Jun-2023 16:55:27.515 信息 [main] org.apache.catalina.startup.VersionLoggerListener.log 命令行参数：       -Djava.util.logging.manager=org.apache.juli.ClassLoaderLogManager
08-Jun-2023 16:55:27.515 信息 [main] org.apache.catalina.startup.VersionLoggerListener.log 命令行参数：       -Djdk.tls.ephemeralDHKeySize=2048
08-Jun-2023 16:55:27.515 信息 [main] org.apache.catalina.startup.VersionLoggerListener.log 命令行参数：       -Djava.protocol.handler.pkgs=org.apache.catalina.webresources
08-Jun-2023 16:55:27.515 信息 [main] org.apache.catalina.startup.VersionLoggerListener.log 命令行参数：       -Dignore.endorsed.dirs=
08-Jun-2023 16:55:27.515 信息 [main] org.apache.catalina.startup.VersionLoggerListener.log 命令行参数：       -Dcatalina.base=D:\apps\tomcat\apache-tomcat-9.0.75
08-Jun-2023 16:55:27.515 信息 [main] org.apache.catalina.startup.VersionLoggerListener.log 命令行参数：       -Dcatalina.home=D:\apps\tomcat\apache-tomcat-9.0.75
08-Jun-2023 16:55:27.515 信息 [main] org.apache.catalina.startup.VersionLoggerListener.log 命令行参数：       -Djava.io.tmpdir=D:\apps\tomcat\apache-tomcat-9.0.75\temp
08-Jun-2023 16:55:27.531 信息 [main] org.apache.catalina.core.AprLifecycleListener.lifecycleEvent 使用APR版本[1.7.2]加载了基于APR的Apache Tomcat本机库[1.2.36]。
08-Jun-2023 16:55:27.531 信息 [main] org.apache.catalina.core.AprLifecycleListener.lifecycleEvent APR功能：IPv6[true]、sendfile[true]、accept filters[false]、random[true]、UDS [true]。
08-Jun-2023 16:55:27.531 信息 [main] org.apache.catalina.core.AprLifecycleListener.lifecycleEvent APR/OpenSSL配置：useAprConnector[false]，useOpenSSL[true]
08-Jun-2023 16:55:27.531 信息 [main] org.apache.catalina.core.AprLifecycleListener.initializeSSL OpenSSL成功初始化 [OpenSSL 1.1.1t  7 Feb 2023]
08-Jun-2023 16:55:27.859 信息 [main] org.apache.coyote.AbstractProtocol.init 初始化协议处理器 ["http-nio-8080"]
08-Jun-2023 16:55:27.890 信息 [main] org.apache.catalina.startup.Catalina.load 服务器在[627]毫秒内初始化
08-Jun-2023 16:55:27.953 信息 [main] org.apache.catalina.core.StandardService.startInternal 正在启动服务[Catalina]
08-Jun-2023 16:55:27.953 信息 [main] org.apache.catalina.core.StandardEngine.startInternal 正在启动 Servlet 引擎：[Apache Tomcat/9.0.75]
08-Jun-2023 16:55:27.968 信息 [main] org.apache.catalina.startup.HostConfig.deployDirectory 把web 应用程序部署到目录 [D:\apps\tomcat\apache-tomcat-9.0.75\webapps\docs]
08-Jun-2023 16:55:28.797 警告 [main] org.apache.catalina.util.SessionIdGeneratorBase.createSecureRandom 使用[SHA1PRNG]创建会话ID生成的SecureRandom实例花费了[484]毫秒。
08-Jun-2023 16:55:28.812 信息 [main] org.apache.catalina.startup.HostConfig.deployDirectory Web应用程序目录[D:\apps\tomcat\apache-tomcat-9.0.75\webapps\docs]的部署已在[844]毫秒内完成
08-Jun-2023 16:55:28.812 信息 [main] org.apache.catalina.startup.HostConfig.deployDirectory 把web 应用程序部署到目录 [D:\apps\tomcat\apache-tomcat-9.0.75\webapps\examples]
08-Jun-2023 16:55:29.141 信息 [main] org.apache.catalina.startup.HostConfig.deployDirectory Web应用程序目录[D:\apps\tomcat\apache-tomcat-9.0.75\webapps\examples]的部署已在[329]毫秒内完成
08-Jun-2023 16:55:29.141 信息 [main] org.apache.catalina.startup.HostConfig.deployDirectory 把web 应用程序部署到目录 [D:\apps\tomcat\apache-tomcat-9.0.75\webapps\host-manager]
08-Jun-2023 16:55:29.172 信息 [main] org.apache.catalina.startup.HostConfig.deployDirectory Web应用程序目录[D:\apps\tomcat\apache-tomcat-9.0.75\webapps\host-manager]的部署已在[31]毫秒内完成
08-Jun-2023 16:55:29.188 信息 [main] org.apache.catalina.startup.HostConfig.deployDirectory 把web 应用程序部署到目录 [D:\apps\tomcat\apache-tomcat-9.0.75\webapps\manager]
08-Jun-2023 16:55:29.203 信息 [main] org.apache.catalina.startup.HostConfig.deployDirectory Web应用程序目录[D:\apps\tomcat\apache-tomcat-9.0.75\webapps\manager]的部署已在[15]毫秒内完成
08-Jun-2023 16:55:29.203 信息 [main] org.apache.catalina.startup.HostConfig.deployDirectory 把web 应用程序部署到目录 [D:\apps\tomcat\apache-tomcat-9.0.75\webapps\ROOT]
08-Jun-2023 16:55:29.234 信息 [main] org.apache.catalina.startup.HostConfig.deployDirectory Web应用程序目录[D:\apps\tomcat\apache-tomcat-9.0.75\webapps\ROOT]的部署已在[31]毫秒内完成
08-Jun-2023 16:55:29.250 信息 [main] org.apache.coyote.AbstractProtocol.start 开始协议处理句柄["http-nio-8080"]
08-Jun-2023 16:55:29.767 信息 [main] org.apache.catalina.startup.Catalina.start [1870]毫秒后服务器启动
08-Jun-2023 16:58:20.768 信息 [main] org.apache.catalina.startup.VersionLoggerListener.log Server.服务器版本: Apache Tomcat/9.0.75
08-Jun-2023 16:58:20.784 信息 [main] org.apache.catalina.startup.VersionLoggerListener.log 服务器构建:        May 4 2023 13:04:05 UTC
08-Jun-2023 16:58:20.784 信息 [main] org.apache.catalina.startup.VersionLoggerListener.log 服务器版本号:      9.0.75.0
08-Jun-2023 16:58:20.784 信息 [main] org.apache.catalina.startup.VersionLoggerListener.log 操作系统名称:      Windows 10
08-Jun-2023 16:58:20.784 信息 [main] org.apache.catalina.startup.VersionLoggerListener.log OS.版本:           10.0
08-Jun-2023 16:58:20.784 信息 [main] org.apache.catalina.startup.VersionLoggerListener.log 架构:              amd64
08-Jun-2023 16:58:20.784 信息 [main] org.apache.catalina.startup.VersionLoggerListener.log Java 环境变量:     C:\Program Files\Java\jdk-11
08-Jun-2023 16:58:20.784 信息 [main] org.apache.catalina.startup.VersionLoggerListener.log Java虚拟机版本:    11+28
08-Jun-2023 16:58:20.784 信息 [main] org.apache.catalina.startup.VersionLoggerListener.log JVM.供应商:        Oracle Corporation
08-Jun-2023 16:58:20.784 信息 [main] org.apache.catalina.startup.VersionLoggerListener.log CATALINA_BASE:     D:\apps\tomcat\apache-tomcat-9.0.75
08-Jun-2023 16:58:20.784 信息 [main] org.apache.catalina.startup.VersionLoggerListener.log CATALINA_HOME:     D:\apps\tomcat\apache-tomcat-9.0.75
08-Jun-2023 16:58:20.799 信息 [main] org.apache.catalina.startup.VersionLoggerListener.log 命令行参数：       --add-opens=java.base/java.lang=ALL-UNNAMED
08-Jun-2023 16:58:20.799 信息 [main] org.apache.catalina.startup.VersionLoggerListener.log 命令行参数：       --add-opens=java.base/java.io=ALL-UNNAMED
08-Jun-2023 16:58:20.799 信息 [main] org.apache.catalina.startup.VersionLoggerListener.log 命令行参数：       --add-opens=java.base/java.util=ALL-UNNAMED
08-Jun-2023 16:58:20.799 信息 [main] org.apache.catalina.startup.VersionLoggerListener.log 命令行参数：       --add-opens=java.base/java.util.concurrent=ALL-UNNAMED
08-Jun-2023 16:58:20.799 信息 [main] org.apache.catalina.startup.VersionLoggerListener.log 命令行参数：       --add-opens=java.rmi/sun.rmi.transport=ALL-UNNAMED
08-Jun-2023 16:58:20.799 信息 [main] org.apache.catalina.startup.VersionLoggerListener.log 命令行参数：       -Djava.util.logging.config.file=D:\apps\tomcat\apache-tomcat-9.0.75\conf\logging.properties
08-Jun-2023 16:58:20.799 信息 [main] org.apache.catalina.startup.VersionLoggerListener.log 命令行参数：       -Djava.util.logging.manager=org.apache.juli.ClassLoaderLogManager
08-Jun-2023 16:58:20.799 信息 [main] org.apache.catalina.startup.VersionLoggerListener.log 命令行参数：       -Djdk.tls.ephemeralDHKeySize=2048
08-Jun-2023 16:58:20.799 信息 [main] org.apache.catalina.startup.VersionLoggerListener.log 命令行参数：       -Djava.protocol.handler.pkgs=org.apache.catalina.webresources
08-Jun-2023 16:58:20.799 信息 [main] org.apache.catalina.startup.VersionLoggerListener.log 命令行参数：       -Dignore.endorsed.dirs=
08-Jun-2023 16:58:20.799 信息 [main] org.apache.catalina.startup.VersionLoggerListener.log 命令行参数：       -Dcatalina.base=D:\apps\tomcat\apache-tomcat-9.0.75
08-Jun-2023 16:58:20.799 信息 [main] org.apache.catalina.startup.VersionLoggerListener.log 命令行参数：       -Dcatalina.home=D:\apps\tomcat\apache-tomcat-9.0.75
08-Jun-2023 16:58:20.799 信息 [main] org.apache.catalina.startup.VersionLoggerListener.log 命令行参数：       -Djava.io.tmpdir=D:\apps\tomcat\apache-tomcat-9.0.75\temp
08-Jun-2023 16:58:20.799 信息 [main] org.apache.catalina.core.AprLifecycleListener.lifecycleEvent 使用APR版本[1.7.2]加载了基于APR的Apache Tomcat本机库[1.2.36]。
08-Jun-2023 16:58:20.799 信息 [main] org.apache.catalina.core.AprLifecycleListener.lifecycleEvent APR功能：IPv6[true]、sendfile[true]、accept filters[false]、random[true]、UDS [true]。
08-Jun-2023 16:58:20.799 信息 [main] org.apache.catalina.core.AprLifecycleListener.lifecycleEvent APR/OpenSSL配置：useAprConnector[false]，useOpenSSL[true]
08-Jun-2023 16:58:20.799 信息 [main] org.apache.catalina.core.AprLifecycleListener.initializeSSL OpenSSL成功初始化 [OpenSSL 1.1.1t  7 Feb 2023]
08-Jun-2023 16:58:21.128 信息 [main] org.apache.coyote.AbstractProtocol.init 初始化协议处理器 ["http-nio-8080"]
08-Jun-2023 16:58:21.159 信息 [main] org.apache.catalina.startup.Catalina.load 服务器在[640]毫秒内初始化
08-Jun-2023 16:58:21.221 信息 [main] org.apache.catalina.core.StandardService.startInternal 正在启动服务[Catalina]
08-Jun-2023 16:58:21.221 信息 [main] org.apache.catalina.core.StandardEngine.startInternal 正在启动 Servlet 引擎：[Apache Tomcat/9.0.75]
08-Jun-2023 16:58:21.237 信息 [main] org.apache.catalina.startup.HostConfig.deployDirectory 把web 应用程序部署到目录 [D:\apps\tomcat\apache-tomcat-9.0.75\webapps\docs]
08-Jun-2023 16:58:22.026 警告 [main] org.apache.catalina.util.SessionIdGeneratorBase.createSecureRandom 使用[SHA1PRNG]创建会话ID生成的SecureRandom实例花费了[461]毫秒。
08-Jun-2023 16:58:22.057 信息 [main] org.apache.catalina.startup.HostConfig.deployDirectory Web应用程序目录[D:\apps\tomcat\apache-tomcat-9.0.75\webapps\docs]的部署已在[820]毫秒内完成
08-Jun-2023 16:58:22.057 信息 [main] org.apache.catalina.startup.HostConfig.deployDirectory 把web 应用程序部署到目录 [D:\apps\tomcat\apache-tomcat-9.0.75\webapps\examples]
08-Jun-2023 16:58:22.354 信息 [main] org.apache.catalina.startup.HostConfig.deployDirectory Web应用程序目录[D:\apps\tomcat\apache-tomcat-9.0.75\webapps\examples]的部署已在[297]毫秒内完成
08-Jun-2023 16:58:22.354 信息 [main] org.apache.catalina.startup.HostConfig.deployDirectory 把web 应用程序部署到目录 [D:\apps\tomcat\apache-tomcat-9.0.75\webapps\host-manager]
08-Jun-2023 16:58:22.386 信息 [main] org.apache.catalina.startup.HostConfig.deployDirectory Web应用程序目录[D:\apps\tomcat\apache-tomcat-9.0.75\webapps\host-manager]的部署已在[32]毫秒内完成
08-Jun-2023 16:58:22.401 信息 [main] org.apache.catalina.startup.HostConfig.deployDirectory 把web 应用程序部署到目录 [D:\apps\tomcat\apache-tomcat-9.0.75\webapps\manager]
08-Jun-2023 16:58:22.434 信息 [main] org.apache.catalina.startup.HostConfig.deployDirectory Web应用程序目录[D:\apps\tomcat\apache-tomcat-9.0.75\webapps\manager]的部署已在[33]毫秒内完成
08-Jun-2023 16:58:22.434 信息 [main] org.apache.catalina.startup.HostConfig.deployDirectory 把web 应用程序部署到目录 [D:\apps\tomcat\apache-tomcat-9.0.75\webapps\ROOT]
08-Jun-2023 16:58:22.464 信息 [main] org.apache.catalina.startup.HostConfig.deployDirectory Web应用程序目录[D:\apps\tomcat\apache-tomcat-9.0.75\webapps\ROOT]的部署已在[30]毫秒内完成
08-Jun-2023 16:58:22.464 信息 [main] org.apache.coyote.AbstractProtocol.start 开始协议处理句柄["http-nio-8080"]
08-Jun-2023 16:58:22.964 信息 [main] org.apache.catalina.startup.Catalina.start [1797]毫秒后服务器启动
